#
# There is insufficient memory for the Java Runtime Environment to continue.
# Native memory allocation (malloc) failed to allocate 218336 bytes for Chunk::new
# Possible reasons:
#   The system is out of physical RAM or swap space
#   The process is running with CompressedOops enabled, and the Java Heap may be blocking the growth of the native heap
# Possible solutions:
#   Reduce memory load on the system
#   Increase physical memory or swap space
#   Check if swap backing store is full
#   Decrease Java heap size (-Xmx/-Xms)
#   Decrease number of Java threads
#   Decrease Java thread stack sizes (-Xss)
#   Set larger code cache with -XX:ReservedCodeCacheSize=
#   JVM is running with Zero Based Compressed Oops mode in which the Java heap is
#     placed in the first 32GB address space. The Java Heap base address is the
#     maximum limit for the native heap growth. Please use -XX:HeapBaseMinAddress
#     to set the Java Heap base and to place the Java Heap above 32GB virtual address.
# This output file may be truncated or incomplete.
#
#  Out of Memory Error (arena.cpp:184), pid=15828, tid=13204
#
# JRE version: Java(TM) SE Runtime Environment (18.0.2+9) (build 18.0.2+9-61)
# Java VM: Java HotSpot(TM) 64-Bit Server VM (18.0.2+9-61, mixed mode, sharing, tiered, compressed oops, compressed class ptrs, g1 gc, windows-amd64)
# No core dump will be written. Minidumps are not enabled by default on client versions of Windows
#

---------------  S U M M A R Y ------------

Command Line: -Dfile.encoding=UTF-8 --module-path=C:\Users\Afase\Desktop\proyectoBD1\PRY2_BD1\build\classes UI.Interface

Host: AMD Ryzen 7 3700U with Radeon Vega Mobile Gfx  , 8 cores, 9G,  Windows 10 , 64 bit Build 19041 (10.0.19041.3636)
Time: Sun May 26 14:15:40 2024 Hora estándar, América Central elapsed time: 0.549369 seconds (0d 0h 0m 0s)

---------------  T H R E A D  ---------------

Current thread (0x0000029ad55cba30):  JavaThread "C2 CompilerThread1" daemon [_thread_in_native, id=13204, stack(0x000000da70100000,0x000000da70200000)]


Current CompileTask:
C2:    549  910       4       oracle.jdbc.driver.SQLStateMapping$Tokenizer::next (334 bytes)

Stack: [0x000000da70100000,0x000000da70200000]
Native frames: (J=compiled Java code, j=interpreted, Vv=VM code, C=native code)
V  [jvm.dll+0x6993ca]
V  [jvm.dll+0x7f481d]
V  [jvm.dll+0x7f612e]
V  [jvm.dll+0x7f67e3]
V  [jvm.dll+0x25cdaf]
V  [jvm.dll+0xb8c2f]
V  [jvm.dll+0xb8fa5]
V  [jvm.dll+0x2c7cbf]
V  [jvm.dll+0x5a0d8e]
V  [jvm.dll+0x2382e3]
V  [jvm.dll+0x23155f]
V  [jvm.dll+0x22f21b]
V  [jvm.dll+0x1ba01c]
V  [jvm.dll+0x23ec9a]
V  [jvm.dll+0x23cf85]
V  [jvm.dll+0x7a6e21]
V  [jvm.dll+0x7a125a]
V  [jvm.dll+0x698275]
C  [ucrtbase.dll+0x21bb2]
C  [KERNEL32.DLL+0x17344]
C  [ntdll.dll+0x526b1]


---------------  P R O C E S S  ---------------

Threads class SMR info:
_java_thread_list=0x0000029ad58796a0, length=17, elements={
0x0000029ad018f080, 0x0000029ad018f930, 0x0000029ad01a9e70, 0x0000029ad01aa720,
0x0000029ad01aafd0, 0x0000029ad01ad890, 0x0000029ad01b0480, 0x0000029ad01b0eb0,
0x0000029ad01b28f0, 0x0000029ad444e340, 0x0000029ad44bde10, 0x0000029ad46259f0,
0x0000029ad45c46a0, 0x0000029ad45c4b60, 0x0000029ad46f4880, 0x0000029aaed67060,
0x0000029ad55cba30
}

Java Threads: ( => current thread )
  0x0000029ad018f080 JavaThread "Reference Handler" daemon [_thread_blocked, id=1488, stack(0x000000da6e900000,0x000000da6ea00000)]
  0x0000029ad018f930 JavaThread "Finalizer" daemon [_thread_blocked, id=20000, stack(0x000000da6ea00000,0x000000da6eb00000)]
  0x0000029ad01a9e70 JavaThread "Signal Dispatcher" daemon [_thread_blocked, id=7436, stack(0x000000da6eb00000,0x000000da6ec00000)]
  0x0000029ad01aa720 JavaThread "Attach Listener" daemon [_thread_blocked, id=11224, stack(0x000000da6ec00000,0x000000da6ed00000)]
  0x0000029ad01aafd0 JavaThread "Service Thread" daemon [_thread_blocked, id=10168, stack(0x000000da6ed00000,0x000000da6ee00000)]
  0x0000029ad01ad890 JavaThread "Monitor Deflation Thread" daemon [_thread_blocked, id=3000, stack(0x000000da6ee00000,0x000000da6ef00000)]
  0x0000029ad01b0480 JavaThread "C2 CompilerThread0" daemon [_thread_blocked, id=7636, stack(0x000000da6ef00000,0x000000da6f000000)]
  0x0000029ad01b0eb0 JavaThread "C1 CompilerThread0" daemon [_thread_blocked, id=22052, stack(0x000000da6f000000,0x000000da6f100000)]
  0x0000029ad01b28f0 JavaThread "Sweeper thread" daemon [_thread_blocked, id=21900, stack(0x000000da6f100000,0x000000da6f200000)]
  0x0000029ad444e340 JavaThread "Common-Cleaner" daemon [_thread_blocked, id=11868, stack(0x000000da6f200000,0x000000da6f300000)]
  0x0000029ad44bde10 JavaThread "Notification Thread" daemon [_thread_blocked, id=4352, stack(0x000000da6f300000,0x000000da6f400000)]
  0x0000029ad46259f0 JavaThread "Java2D Disposer" daemon [_thread_blocked, id=16692, stack(0x000000da6f500000,0x000000da6f600000)]
  0x0000029ad45c46a0 JavaThread "AWT-Shutdown" [_thread_blocked, id=5968, stack(0x000000da6f600000,0x000000da6f700000)]
  0x0000029ad45c4b60 JavaThread "AWT-Windows" daemon [_thread_in_native, id=19400, stack(0x000000da6f700000,0x000000da6f800000)]
  0x0000029ad46f4880 JavaThread "AWT-EventQueue-0" [_thread_in_vm, id=15392, stack(0x000000da6f800000,0x000000da6f900000)]
  0x0000029aaed67060 JavaThread "DestroyJavaVM" [_thread_blocked, id=20408, stack(0x000000da6e200000,0x000000da6e300000)]
=>0x0000029ad55cba30 JavaThread "C2 CompilerThread1" daemon [_thread_in_native, id=13204, stack(0x000000da70100000,0x000000da70200000)]

Other Threads:
  0x0000029aaedd9520 VMThread "VM Thread" [stack: 0x000000da6e800000,0x000000da6e900000] [id=16860]
  0x0000029ad44987d0 WatcherThread "VM Periodic Task Thread" [stack: 0x000000da6f400000,0x000000da6f500000] [id=18052]
  0x0000029aaedbade0 WorkerThread "GC Thread#0" [stack: 0x000000da6e300000,0x000000da6e400000] [id=19488]
  0x0000029aaedc6a40 ConcurrentGCThread "G1 Main Marker" [stack: 0x000000da6e400000,0x000000da6e500000] [id=11852]
  0x0000029aaedc8250 WorkerThread "G1 Conc#0" [stack: 0x000000da6e500000,0x000000da6e600000] [id=3412]
  0x0000029aaee08030 ConcurrentGCThread "G1 Refine#0" [stack: 0x000000da6e600000,0x000000da6e700000] [id=10516]
  0x0000029aaee09700 ConcurrentGCThread "G1 Service" [stack: 0x000000da6e700000,0x000000da6e800000] [id=18408]

Threads with active compile tasks:
C2 CompilerThread1      568  910       4       oracle.jdbc.driver.SQLStateMapping$Tokenizer::next (334 bytes)

VM state: not at safepoint (normal execution)

VM Mutex/Monitor currently owned by a thread: None

Heap address: 0x0000000760e00000, size: 2546 MB, Compressed Oops mode: Zero based, Oop shift amount: 3

CDS archive(s) mapped at: [0x0000000800000000-0x0000000800ba0000-0x0000000800ba0000), size 12189696, SharedBaseAddress: 0x0000000800000000, ArchiveRelocationMode: 0.
Compressed class space mapped at: 0x0000000800c00000-0x0000000840c00000, reserved size: 1073741824
Narrow klass base: 0x0000000800000000, Narrow klass shift: 0, Narrow klass range: 0x100000000

GC Precious Log:
 CardTable entry size: 512
 Card Set container configuration: InlinePtr #cards 4 size 8 Array Of Cards #cards 16 size 48 Howl #buckets 8 coarsen threshold 3686 Howl Bitmap #cards 512 size 80 coarsen threshold 460 Card regions per heap region 1 cards per card region 4096
 CPUs: 8 total, 8 available
 Memory: 10178M
 Large Page Support: Disabled
 NUMA Support: Disabled
 Compressed Oops: Enabled (Zero based)
 Heap Region Size: 2M
 Heap Min Capacity: 8M
 Heap Initial Capacity: 160M
 Heap Max Capacity: 2546M
 Pre-touch: Disabled
 Parallel Workers: 8
 Concurrent Workers: 2
 Concurrent Refinement Workers: 8
 Periodic GC: Disabled

Heap:
 garbage-first heap   total 163840K, used 10240K [0x0000000760e00000, 0x0000000800000000)
  region size 2048K, 7 young (14336K), 0 survivors (0K)
 Metaspace       used 9210K, committed 9408K, reserved 1114112K
  class space    used 1039K, committed 1152K, reserved 1048576K

Heap Regions: E=young(eden), S=young(survivor), O=old, HS=humongous(starts), HC=humongous(continues), CS=collection set, F=free, OA=open archive, CA=closed archive, TAMS=top-at-mark-start (previous, next)
|   0|0x0000000760e00000, 0x0000000760e00000, 0x0000000761000000|  0%| F|  |TAMS 0x0000000760e00000, 0x0000000760e00000| Untracked 
|   1|0x0000000761000000, 0x0000000761000000, 0x0000000761200000|  0%| F|  |TAMS 0x0000000761000000, 0x0000000761000000| Untracked 
|   2|0x0000000761200000, 0x0000000761200000, 0x0000000761400000|  0%| F|  |TAMS 0x0000000761200000, 0x0000000761200000| Untracked 
|   3|0x0000000761400000, 0x0000000761400000, 0x0000000761600000|  0%| F|  |TAMS 0x0000000761400000, 0x0000000761400000| Untracked 
|   4|0x0000000761600000, 0x0000000761600000, 0x0000000761800000|  0%| F|  |TAMS 0x0000000761600000, 0x0000000761600000| Untracked 
|   5|0x0000000761800000, 0x0000000761800000, 0x0000000761a00000|  0%| F|  |TAMS 0x0000000761800000, 0x0000000761800000| Untracked 
|   6|0x0000000761a00000, 0x0000000761a00000, 0x0000000761c00000|  0%| F|  |TAMS 0x0000000761a00000, 0x0000000761a00000| Untracked 
|   7|0x0000000761c00000, 0x0000000761c00000, 0x0000000761e00000|  0%| F|  |TAMS 0x0000000761c00000, 0x0000000761c00000| Untracked 
|   8|0x0000000761e00000, 0x0000000761e00000, 0x0000000762000000|  0%| F|  |TAMS 0x0000000761e00000, 0x0000000761e00000| Untracked 
|   9|0x0000000762000000, 0x0000000762000000, 0x0000000762200000|  0%| F|  |TAMS 0x0000000762000000, 0x0000000762000000| Untracked 
|  10|0x0000000762200000, 0x0000000762200000, 0x0000000762400000|  0%| F|  |TAMS 0x0000000762200000, 0x0000000762200000| Untracked 
|  11|0x0000000762400000, 0x0000000762400000, 0x0000000762600000|  0%| F|  |TAMS 0x0000000762400000, 0x0000000762400000| Untracked 
|  12|0x0000000762600000, 0x0000000762600000, 0x0000000762800000|  0%| F|  |TAMS 0x0000000762600000, 0x0000000762600000| Untracked 
|  13|0x0000000762800000, 0x0000000762800000, 0x0000000762a00000|  0%| F|  |TAMS 0x0000000762800000, 0x0000000762800000| Untracked 
|  14|0x0000000762a00000, 0x0000000762a00000, 0x0000000762c00000|  0%| F|  |TAMS 0x0000000762a00000, 0x0000000762a00000| Untracked 
|  15|0x0000000762c00000, 0x0000000762c00000, 0x0000000762e00000|  0%| F|  |TAMS 0x0000000762c00000, 0x0000000762c00000| Untracked 
|  16|0x0000000762e00000, 0x0000000762e00000, 0x0000000763000000|  0%| F|  |TAMS 0x0000000762e00000, 0x0000000762e00000| Untracked 
|  17|0x0000000763000000, 0x0000000763000000, 0x0000000763200000|  0%| F|  |TAMS 0x0000000763000000, 0x0000000763000000| Untracked 
|  18|0x0000000763200000, 0x0000000763200000, 0x0000000763400000|  0%| F|  |TAMS 0x0000000763200000, 0x0000000763200000| Untracked 
|  19|0x0000000763400000, 0x0000000763400000, 0x0000000763600000|  0%| F|  |TAMS 0x0000000763400000, 0x0000000763400000| Untracked 
|  20|0x0000000763600000, 0x0000000763600000, 0x0000000763800000|  0%| F|  |TAMS 0x0000000763600000, 0x0000000763600000| Untracked 
|  21|0x0000000763800000, 0x0000000763800000, 0x0000000763a00000|  0%| F|  |TAMS 0x0000000763800000, 0x0000000763800000| Untracked 
|  22|0x0000000763a00000, 0x0000000763a00000, 0x0000000763c00000|  0%| F|  |TAMS 0x0000000763a00000, 0x0000000763a00000| Untracked 
|  23|0x0000000763c00000, 0x0000000763c00000, 0x0000000763e00000|  0%| F|  |TAMS 0x0000000763c00000, 0x0000000763c00000| Untracked 
|  24|0x0000000763e00000, 0x0000000763e00000, 0x0000000764000000|  0%| F|  |TAMS 0x0000000763e00000, 0x0000000763e00000| Untracked 
|  25|0x0000000764000000, 0x0000000764000000, 0x0000000764200000|  0%| F|  |TAMS 0x0000000764000000, 0x0000000764000000| Untracked 
|  26|0x0000000764200000, 0x0000000764200000, 0x0000000764400000|  0%| F|  |TAMS 0x0000000764200000, 0x0000000764200000| Untracked 
|  27|0x0000000764400000, 0x0000000764400000, 0x0000000764600000|  0%| F|  |TAMS 0x0000000764400000, 0x0000000764400000| Untracked 
|  28|0x0000000764600000, 0x0000000764600000, 0x0000000764800000|  0%| F|  |TAMS 0x0000000764600000, 0x0000000764600000| Untracked 
|  29|0x0000000764800000, 0x0000000764800000, 0x0000000764a00000|  0%| F|  |TAMS 0x0000000764800000, 0x0000000764800000| Untracked 
|  30|0x0000000764a00000, 0x0000000764a00000, 0x0000000764c00000|  0%| F|  |TAMS 0x0000000764a00000, 0x0000000764a00000| Untracked 
|  31|0x0000000764c00000, 0x0000000764c00000, 0x0000000764e00000|  0%| F|  |TAMS 0x0000000764c00000, 0x0000000764c00000| Untracked 
|  32|0x0000000764e00000, 0x0000000764e00000, 0x0000000765000000|  0%| F|  |TAMS 0x0000000764e00000, 0x0000000764e00000| Untracked 
|  33|0x0000000765000000, 0x0000000765000000, 0x0000000765200000|  0%| F|  |TAMS 0x0000000765000000, 0x0000000765000000| Untracked 
|  34|0x0000000765200000, 0x0000000765200000, 0x0000000765400000|  0%| F|  |TAMS 0x0000000765200000, 0x0000000765200000| Untracked 
|  35|0x0000000765400000, 0x0000000765400000, 0x0000000765600000|  0%| F|  |TAMS 0x0000000765400000, 0x0000000765400000| Untracked 
|  36|0x0000000765600000, 0x0000000765600000, 0x0000000765800000|  0%| F|  |TAMS 0x0000000765600000, 0x0000000765600000| Untracked 
|  37|0x0000000765800000, 0x0000000765800000, 0x0000000765a00000|  0%| F|  |TAMS 0x0000000765800000, 0x0000000765800000| Untracked 
|  38|0x0000000765a00000, 0x0000000765a00000, 0x0000000765c00000|  0%| F|  |TAMS 0x0000000765a00000, 0x0000000765a00000| Untracked 
|  39|0x0000000765c00000, 0x0000000765c00000, 0x0000000765e00000|  0%| F|  |TAMS 0x0000000765c00000, 0x0000000765c00000| Untracked 
|  40|0x0000000765e00000, 0x0000000765e00000, 0x0000000766000000|  0%| F|  |TAMS 0x0000000765e00000, 0x0000000765e00000| Untracked 
|  41|0x0000000766000000, 0x0000000766000000, 0x0000000766200000|  0%| F|  |TAMS 0x0000000766000000, 0x0000000766000000| Untracked 
|  42|0x0000000766200000, 0x0000000766200000, 0x0000000766400000|  0%| F|  |TAMS 0x0000000766200000, 0x0000000766200000| Untracked 
|  43|0x0000000766400000, 0x0000000766400000, 0x0000000766600000|  0%| F|  |TAMS 0x0000000766400000, 0x0000000766400000| Untracked 
|  44|0x0000000766600000, 0x0000000766600000, 0x0000000766800000|  0%| F|  |TAMS 0x0000000766600000, 0x0000000766600000| Untracked 
|  45|0x0000000766800000, 0x0000000766800000, 0x0000000766a00000|  0%| F|  |TAMS 0x0000000766800000, 0x0000000766800000| Untracked 
|  46|0x0000000766a00000, 0x0000000766a00000, 0x0000000766c00000|  0%| F|  |TAMS 0x0000000766a00000, 0x0000000766a00000| Untracked 
|  47|0x0000000766c00000, 0x0000000766c00000, 0x0000000766e00000|  0%| F|  |TAMS 0x0000000766c00000, 0x0000000766c00000| Untracked 
|  48|0x0000000766e00000, 0x0000000766e00000, 0x0000000767000000|  0%| F|  |TAMS 0x0000000766e00000, 0x0000000766e00000| Untracked 
|  49|0x0000000767000000, 0x0000000767000000, 0x0000000767200000|  0%| F|  |TAMS 0x0000000767000000, 0x0000000767000000| Untracked 
|  50|0x0000000767200000, 0x0000000767200000, 0x0000000767400000|  0%| F|  |TAMS 0x0000000767200000, 0x0000000767200000| Untracked 
|  51|0x0000000767400000, 0x0000000767400000, 0x0000000767600000|  0%| F|  |TAMS 0x0000000767400000, 0x0000000767400000| Untracked 
|  52|0x0000000767600000, 0x0000000767600000, 0x0000000767800000|  0%| F|  |TAMS 0x0000000767600000, 0x0000000767600000| Untracked 
|  53|0x0000000767800000, 0x0000000767800000, 0x0000000767a00000|  0%| F|  |TAMS 0x0000000767800000, 0x0000000767800000| Untracked 
|  54|0x0000000767a00000, 0x0000000767a00000, 0x0000000767c00000|  0%| F|  |TAMS 0x0000000767a00000, 0x0000000767a00000| Untracked 
|  55|0x0000000767c00000, 0x0000000767c00000, 0x0000000767e00000|  0%| F|  |TAMS 0x0000000767c00000, 0x0000000767c00000| Untracked 
|  56|0x0000000767e00000, 0x0000000767e00000, 0x0000000768000000|  0%| F|  |TAMS 0x0000000767e00000, 0x0000000767e00000| Untracked 
|  57|0x0000000768000000, 0x0000000768000000, 0x0000000768200000|  0%| F|  |TAMS 0x0000000768000000, 0x0000000768000000| Untracked 
|  58|0x0000000768200000, 0x0000000768200000, 0x0000000768400000|  0%| F|  |TAMS 0x0000000768200000, 0x0000000768200000| Untracked 
|  59|0x0000000768400000, 0x0000000768400000, 0x0000000768600000|  0%| F|  |TAMS 0x0000000768400000, 0x0000000768400000| Untracked 
|  60|0x0000000768600000, 0x0000000768600000, 0x0000000768800000|  0%| F|  |TAMS 0x0000000768600000, 0x0000000768600000| Untracked 
|  61|0x0000000768800000, 0x0000000768800000, 0x0000000768a00000|  0%| F|  |TAMS 0x0000000768800000, 0x0000000768800000| Untracked 
|  62|0x0000000768a00000, 0x0000000768a00000, 0x0000000768c00000|  0%| F|  |TAMS 0x0000000768a00000, 0x0000000768a00000| Untracked 
|  63|0x0000000768c00000, 0x0000000768c00000, 0x0000000768e00000|  0%| F|  |TAMS 0x0000000768c00000, 0x0000000768c00000| Untracked 
|  64|0x0000000768e00000, 0x0000000768e00000, 0x0000000769000000|  0%| F|  |TAMS 0x0000000768e00000, 0x0000000768e00000| Untracked 
|  65|0x0000000769000000, 0x0000000769000000, 0x0000000769200000|  0%| F|  |TAMS 0x0000000769000000, 0x0000000769000000| Untracked 
|  66|0x0000000769200000, 0x0000000769200000, 0x0000000769400000|  0%| F|  |TAMS 0x0000000769200000, 0x0000000769200000| Untracked 
|  67|0x0000000769400000, 0x0000000769400000, 0x0000000769600000|  0%| F|  |TAMS 0x0000000769400000, 0x0000000769400000| Untracked 
|  68|0x0000000769600000, 0x0000000769600000, 0x0000000769800000|  0%| F|  |TAMS 0x0000000769600000, 0x0000000769600000| Untracked 
|  69|0x0000000769800000, 0x0000000769800000, 0x0000000769a00000|  0%| F|  |TAMS 0x0000000769800000, 0x0000000769800000| Untracked 
|  70|0x0000000769a00000, 0x0000000769a00000, 0x0000000769c00000|  0%| F|  |TAMS 0x0000000769a00000, 0x0000000769a00000| Untracked 
|  71|0x0000000769c00000, 0x0000000769c00000, 0x0000000769e00000|  0%| F|  |TAMS 0x0000000769c00000, 0x0000000769c00000| Untracked 
|  72|0x0000000769e00000, 0x0000000769e00000, 0x000000076a000000|  0%| F|  |TAMS 0x0000000769e00000, 0x0000000769e00000| Untracked 
|  73|0x000000076a000000, 0x000000076a03ace8, 0x000000076a200000| 11%| E|  |TAMS 0x000000076a000000, 0x000000076a000000| Complete 
|  74|0x000000076a200000, 0x000000076a3e1bb0, 0x000000076a400000| 94%| E|  |TAMS 0x000000076a200000, 0x000000076a200000| Complete 
|  75|0x000000076a400000, 0x000000076a600000, 0x000000076a600000|100%| E|CS|TAMS 0x000000076a400000, 0x000000076a400000| Complete 
|  76|0x000000076a600000, 0x000000076a800000, 0x000000076a800000|100%| E|CS|TAMS 0x000000076a600000, 0x000000076a600000| Complete 
|  77|0x000000076a800000, 0x000000076aa00000, 0x000000076aa00000|100%| E|CS|TAMS 0x000000076a800000, 0x000000076a800000| Complete 
|  78|0x000000076aa00000, 0x000000076ac00000, 0x000000076ac00000|100%| E|CS|TAMS 0x000000076aa00000, 0x000000076aa00000| Complete 
|  79|0x000000076ac00000, 0x000000076ae00000, 0x000000076ae00000|100%| E|CS|TAMS 0x000000076ac00000, 0x000000076ac00000| Complete 

Card table byte_map: [0x0000029ac7df0000,0x0000029ac82f0000] _byte_map_base: 0x0000029ac42e9000

Marking Bits (Prev, Next): (CMBitMap*) 0x0000029aaedbc200, (CMBitMap*) 0x0000029aaedbc240
 Prev Bits: [0x0000029ac87f0000, 0x0000029acafb8000)
 Next Bits: [0x0000029acafc0000, 0x0000029acd788000)

Polling page: 0x0000029aaee30000

Metaspace:

Usage:
  Non-class:      8.14 MB used.
      Class:      1.02 MB used.
       Both:      9.16 MB used.

Virtual space:
  Non-class space:       64.00 MB reserved,       8.25 MB ( 13%) committed,  1 nodes.
      Class space:        1.00 GB reserved,       1.12 MB ( <1%) committed,  1 nodes.
             Both:        1.06 GB reserved,       9.38 MB ( <1%) committed. 

Chunk freelists:
   Non-Class:  3.80 MB
       Class:  2.72 MB
        Both:  6.50 MB

MaxMetaspaceSize: unlimited
CompressedClassSpaceSize: 1.00 GB
Initial GC threshold: 21.00 MB
Current GC threshold: 21.00 MB
CDS: on
MetaspaceReclaimPolicy: balanced
 - commit_granule_bytes: 65536.
 - commit_granule_words: 8192.
 - virtual_space_node_default_size: 8388608.
 - enlarge_chunks_in_place: 1.
 - new_chunks_are_fully_committed: 0.
 - uncommit_free_chunks: 1.
 - use_allocation_guard: 0.


Internal statistics:

num_allocs_failed_limit: 0.
num_arena_births: 128.
num_arena_deaths: 0.
num_vsnodes_births: 2.
num_vsnodes_deaths: 0.
num_space_committed: 150.
num_space_uncommitted: 0.
num_chunks_returned_to_freelist: 0.
num_chunks_taken_from_freelist: 220.
num_chunk_merges: 0.
num_chunk_splits: 121.
num_chunks_enlarged: 51.
num_inconsistent_stats: 0.

CodeHeap 'non-profiled nmethods': size=120000Kb used=277Kb max_used=277Kb free=119722Kb
 bounds [0x0000029abf960000, 0x0000029abfbd0000, 0x0000029ac6e90000]
CodeHeap 'profiled nmethods': size=120000Kb used=1539Kb max_used=1539Kb free=118460Kb
 bounds [0x0000029ab8430000, 0x0000029ab86a0000, 0x0000029abf960000]
CodeHeap 'non-nmethods': size=5760Kb used=1248Kb max_used=1263Kb free=4511Kb
 bounds [0x0000029ab7e90000, 0x0000029ab8100000, 0x0000029ab8430000]
 total_blobs=1515 nmethods=962 adapters=466
 compilation: enabled
              stopped_count=0, restarted_count=0
 full_count=0

Compilation events (20 events):
Event: 0.543 Thread 0x0000029ad01b0480 nmethod 900 0x0000029abf9a2710 code [0x0000029abf9a28a0, 0x0000029abf9a2d88]
Event: 0.543 Thread 0x0000029ad01b0480  925 %     4       java.lang.StringLatin1::inflate @ 3 (34 bytes)
Event: 0.545 Thread 0x0000029ad01b0eb0 nmethod 922 0x0000029ab8595a90 code [0x0000029ab8595e60, 0x0000029ab85989f8]
Event: 0.545 Thread 0x0000029ad01b0eb0  923       3       java.lang.String::<init> (14 bytes)
Event: 0.545 Thread 0x0000029ad01b0eb0 nmethod 923 0x0000029ab8599710 code [0x0000029ab85998e0, 0x0000029ab8599c38]
Event: 0.546 Thread 0x0000029ad01b0eb0  926       3       jdk.internal.module.SystemModuleFinders$SystemImage::reader (4 bytes)
Event: 0.546 Thread 0x0000029ad01b0eb0 nmethod 926 0x0000029ab8599e10 code [0x0000029ab8599fa0, 0x0000029ab859a098]
Event: 0.546 Thread 0x0000029ad01b0eb0  927       3       jdk.internal.jimage.ImageReader::requireOpen (18 bytes)
Event: 0.546 Thread 0x0000029ad01b0eb0 nmethod 927 0x0000029ab859a110 code [0x0000029ab859a2c0, 0x0000029ab859a4c8]
Event: 0.546 Thread 0x0000029ad01b0eb0  928       3       java.util.Optional::empty (6 bytes)
Event: 0.546 Thread 0x0000029ad01b0eb0 nmethod 928 0x0000029ab859a590 code [0x0000029ab859a720, 0x0000029ab859a818]
Event: 0.546 Thread 0x0000029ad01b0eb0  924       3       java.util.concurrent.ConcurrentHashMap::put (8 bytes)
Event: 0.546 Thread 0x0000029ad01b0eb0 nmethod 924 0x0000029ab859a890 code [0x0000029ab859aa20, 0x0000029ab859ab68]
Event: 0.546 Thread 0x0000029ad01b0eb0  932  s    3       java.util.Properties::put (10 bytes)
Event: 0.547 Thread 0x0000029ad01b0eb0 nmethod 932 0x0000029ab859ac10 code [0x0000029ab859adc0, 0x0000029ab859b028]
Event: 0.547 Thread 0x0000029ad01b0eb0  933       1       java.util.concurrent.ConcurrentHashMap$MapEntry::getKey (5 bytes)
Event: 0.547 Thread 0x0000029ad01b0eb0 nmethod 933 0x0000029abf9a3010 code [0x0000029abf9a31a0, 0x0000029abf9a3278]
Event: 0.547 Thread 0x0000029ad01b0eb0  934       1       java.util.concurrent.ConcurrentHashMap$MapEntry::getValue (5 bytes)
Event: 0.547 Thread 0x0000029ad01b0eb0 nmethod 934 0x0000029abf9a3310 code [0x0000029abf9a34a0, 0x0000029abf9a3578]
Event: 0.547 Thread 0x0000029ad01b0eb0  935   !   3       jdk.internal.loader.BuiltinClassLoader::loadClassOrNull (143 bytes)

GC Heap History (0 events):
No events

Deoptimization events (20 events):
Event: 0.397 Thread 0x0000029ad46f4880 Uncommon trap: trap_request=0xffffff3d fr.pc=0x0000029abf98a264 relative=0x0000000000000b04
Event: 0.397 Thread 0x0000029ad46f4880 Uncommon trap: reason=unstable_fused_if action=reinterpret pc=0x0000029abf98a264 method=java.util.HashMap.resize()[Ljava/util/HashMap$Node; @ 31 c2
Event: 0.397 Thread 0x0000029ad46f4880 DEOPT PACKING pc=0x0000029abf98a264 sp=0x000000da6f8fdf60
Event: 0.397 Thread 0x0000029ad46f4880 DEOPT UNPACKING pc=0x0000029ab7ee23a3 sp=0x000000da6f8fdee8 mode 2
Event: 0.408 Thread 0x0000029ad46f4880 DEOPT PACKING pc=0x0000029ab844bee7 sp=0x000000da6f8fdaa0
Event: 0.408 Thread 0x0000029ad46f4880 DEOPT UNPACKING pc=0x0000029ab7ee2b43 sp=0x000000da6f8fcec0 mode 0
Event: 0.451 Thread 0x0000029ad46f4880 Uncommon trap: trap_request=0xffffffde fr.pc=0x0000029abf98cac0 relative=0x00000000000009c0
Event: 0.451 Thread 0x0000029ad46f4880 Uncommon trap: reason=class_check action=maybe_recompile pc=0x0000029abf98cac0 method=java.util.HashMap.putVal(ILjava/lang/Object;Ljava/lang/Object;ZZ)Ljava/lang/Object; @ 253 c2
Event: 0.451 Thread 0x0000029ad46f4880 DEOPT PACKING pc=0x0000029abf98cac0 sp=0x000000da6f8fc860
Event: 0.451 Thread 0x0000029ad46f4880 DEOPT UNPACKING pc=0x0000029ab7ee23a3 sp=0x000000da6f8fc798 mode 2
Event: 0.451 Thread 0x0000029ad46f4880 Uncommon trap: trap_request=0xffffffde fr.pc=0x0000029abf98cac0 relative=0x00000000000009c0
Event: 0.451 Thread 0x0000029ad46f4880 Uncommon trap: reason=class_check action=maybe_recompile pc=0x0000029abf98cac0 method=java.util.HashMap.putVal(ILjava/lang/Object;Ljava/lang/Object;ZZ)Ljava/lang/Object; @ 253 c2
Event: 0.451 Thread 0x0000029ad46f4880 DEOPT PACKING pc=0x0000029abf98cac0 sp=0x000000da6f8fc860
Event: 0.451 Thread 0x0000029ad46f4880 DEOPT UNPACKING pc=0x0000029ab7ee23a3 sp=0x000000da6f8fc798 mode 2
Event: 0.464 Thread 0x0000029ad46f4880 DEOPT PACKING pc=0x0000029ab8438a51 sp=0x000000da6f8fb400
Event: 0.464 Thread 0x0000029ad46f4880 DEOPT UNPACKING pc=0x0000029ab7ee2b43 sp=0x000000da6f8fa878 mode 0
Event: 0.475 Thread 0x0000029ad46f4880 Uncommon trap: trap_request=0xffffffde fr.pc=0x0000029abf994d18 relative=0x0000000000000a18
Event: 0.475 Thread 0x0000029ad46f4880 Uncommon trap: reason=class_check action=maybe_recompile pc=0x0000029abf994d18 method=java.util.HashMap.putVal(ILjava/lang/Object;Ljava/lang/Object;ZZ)Ljava/lang/Object; @ 203 c2
Event: 0.475 Thread 0x0000029ad46f4880 DEOPT PACKING pc=0x0000029abf994d18 sp=0x000000da6f8fc890
Event: 0.475 Thread 0x0000029ad46f4880 DEOPT UNPACKING pc=0x0000029ab7ee23a3 sp=0x000000da6f8fc7c8 mode 2

Classes loaded (20 events):
Event: 0.537 Loading class java/util/ResourceBundle$ResourceBundleControlProviderHolder
Event: 0.538 Loading class java/util/ResourceBundle$ResourceBundleControlProviderHolder done
Event: 0.538 Loading class java/util/spi/ResourceBundleControlProvider
Event: 0.538 Loading class java/util/spi/ResourceBundleControlProvider done
Event: 0.538 Loading class java/util/ServiceLoader$ProviderSpliterator
Event: 0.538 Loading class java/util/ServiceLoader$ProviderSpliterator done
Event: 0.539 Loading class java/util/ImmutableCollections$Access
Event: 0.539 Loading class java/util/ImmutableCollections$Access done
Event: 0.539 Loading class java/util/ImmutableCollections$Access$1
Event: 0.539 Loading class jdk/internal/access/JavaUtilCollectionAccess
Event: 0.539 Loading class jdk/internal/access/JavaUtilCollectionAccess done
Event: 0.539 Loading class java/util/ImmutableCollections$Access$1 done
Event: 0.541 Loading class java/util/ResourceBundle$Control$2
Event: 0.541 Loading class java/util/ResourceBundle$Control$2 done
Event: 0.542 Loading class java/util/PropertyResourceBundle
Event: 0.542 Loading class java/util/PropertyResourceBundle done
Event: 0.542 Loading class sun/util/PropertyResourceBundleCharset
Event: 0.542 Loading class sun/util/PropertyResourceBundleCharset done
Event: 0.542 Loading class sun/util/PropertyResourceBundleCharset$PropertiesFileDecoder
Event: 0.542 Loading class sun/util/PropertyResourceBundleCharset$PropertiesFileDecoder done

Classes unloaded (0 events):
No events

Classes redefined (0 events):
No events

Internal exceptions (20 events):
Event: 0.307 Thread 0x0000029aaed67060 Exception <a 'java/lang/ClassNotFoundException'{0x000000076a604b70}: ToggleButton> (0x000000076a604b70) 
thrown [s\open\src\hotspot\share\classfile\systemDictionary.cpp, line 255]
Event: 0.307 Thread 0x0000029aaed67060 Exception <a 'java/lang/ClassNotFoundException'{0x000000076a604fa8}: javax/swing/JToolBarSeparator> (0x000000076a604fa8) 
thrown [s\open\src\hotspot\share\classfile\systemDictionary.cpp, line 255]
Event: 0.307 Thread 0x0000029aaed67060 Exception <a 'java/lang/ClassNotFoundException'{0x000000076a6052b0}: ToolBarSeparator> (0x000000076a6052b0) 
thrown [s\open\src\hotspot\share\classfile\systemDictionary.cpp, line 255]
Event: 0.307 Thread 0x0000029aaed67060 Exception <a 'java/lang/ClassNotFoundException'{0x000000076a6057c0}: ToolTip> (0x000000076a6057c0) 
thrown [s\open\src\hotspot\share\classfile\systemDictionary.cpp, line 255]
Event: 0.308 Thread 0x0000029aaed67060 Exception <a 'java/lang/ClassNotFoundException'{0x000000076a606108}: Tree> (0x000000076a606108) 
thrown [s\open\src\hotspot\share\classfile\systemDictionary.cpp, line 255]
Event: 0.308 Thread 0x0000029aaed67060 Exception <a 'java/lang/ClassNotFoundException'{0x000000076a6065f8}: Tree> (0x000000076a6065f8) 
thrown [s\open\src\hotspot\share\classfile\systemDictionary.cpp, line 255]
Event: 0.308 Thread 0x0000029aaed67060 Exception <a 'java/lang/ClassNotFoundException'{0x000000076a606960}: javax/swing/JTreeCell> (0x000000076a606960) 
thrown [s\open\src\hotspot\share\classfile\systemDictionary.cpp, line 255]
Event: 0.308 Thread 0x0000029aaed67060 Exception <a 'java/lang/ClassNotFoundException'{0x000000076a606c60}: TreeCell> (0x000000076a606c60) 
thrown [s\open\src\hotspot\share\classfile\systemDictionary.cpp, line 255]
Event: 0.308 Thread 0x0000029aaed67060 Exception <a 'java/lang/ClassNotFoundException'{0x000000076a607410}: RootPane> (0x000000076a607410) 
thrown [s\open\src\hotspot\share\classfile\systemDictionary.cpp, line 255]
Event: 0.310 Thread 0x0000029aaed67060 Exception <a 'java/lang/ClassNotFoundException'{0x000000076a60a218}: com/sun/swing/internal/plaf/metal/resources/spi/metalProvider> (0x000000076a60a218) 
thrown [s\open\src\hotspot\share\classfile\systemDictionary.cpp, line 255]
Event: 0.311 Thread 0x0000029aaed67060 Exception <a 'java/lang/ClassNotFoundException'{0x000000076a60dfa8}: com/sun/swing/internal/plaf/basic/resources/spi/basicProvider> (0x000000076a60dfa8) 
thrown [s\open\src\hotspot\share\classfile\systemDictionary.cpp, line 255]
Event: 0.381 Thread 0x0000029ad46f4880 Exception <a 'java/lang/ClassNotFoundException'{0x000000076a68fb18}: com/sun/swing/internal/plaf/synth/resources/spi/synthProvider> (0x000000076a68fb18) 
thrown [s\open\src\hotspot\share\classfile\systemDictionary.cpp, line 255]
Event: 0.400 Thread 0x0000029ad46f4880 Exception <a 'java/lang/NoSuchMethodError'{0x000000076a6d3a40}: 'int java.lang.invoke.Invokers$Holder.invokeExact_MT(java.lang.Object, java.lang.Object)'> (0x000000076a6d3a40) 
thrown [s\open\src\hotspot\share\interpreter\linkResolver.cpp, line 759]
Event: 0.420 Thread 0x0000029ad46f4880 Exception <a 'java/lang/NoSuchMethodError'{0x000000076a7bf5a0}: 'void java.lang.invoke.DirectMethodHandle$Holder.invokeStaticInit(java.lang.Object)'> (0x000000076a7bf5a0) 
thrown [s\open\src\hotspot\share\interpreter\linkResolver.cpp, line 759]
Event: 0.435 Thread 0x0000029ad46f4880 Exception <a 'java/lang/NoSuchMethodError'{0x000000076a7d9108}: 'int java.lang.invoke.DirectMethodHandle$Holder.invokeInterface(java.lang.Object, java.lang.Object)'> (0x000000076a7d9108) 
thrown [s\open\src\hotspot\share\interpreter\linkResolver.cpp, line 759]
Event: 0.435 Thread 0x0000029ad46f4880 Exception <a 'java/lang/IncompatibleClassChangeError'{0x000000076a7dc890}: Found class java.lang.Object, but interface was expected> (0x000000076a7dc890) 
thrown [s\open\src\hotspot\share\interpreter\linkResolver.cpp, line 826]
Event: 0.436 Thread 0x0000029ad46f4880 Exception <a 'java/lang/NoSuchMethodError'{0x000000076a7e2838}: 'void java.lang.invoke.DirectMethodHandle$Holder.invokeStatic(java.lang.Object, java.lang.Object)'> (0x000000076a7e2838) 
thrown [s\open\src\hotspot\share\interpreter\linkResolver.cpp, line 759]
Event: 0.469 Thread 0x0000029ad46f4880 Exception <a 'java/lang/NoSuchMethodError'{0x000000076a470030}: 'int java.lang.invoke.DirectMethodHandle$Holder.invokeSpecial(java.lang.Object, java.lang.Object, java.lang.Object)'> (0x000000076a470030) 
thrown [s\open\src\hotspot\share\interpreter\linkResolver.cpp, line 759]
Event: 0.509 Thread 0x0000029ad46f4880 Exception <a 'java/lang/NoSuchMethodError'{0x000000076a550360}: 'void java.lang.invoke.DirectMethodHandle$Holder.invokeStatic(java.lang.Object, java.lang.Object, java.lang.Object)'> (0x000000076a550360) 
thrown [s\open\src\hotspot\share\interpreter\linkResolver.cpp, line 759]
Event: 0.538 Thread 0x0000029ad46f4880 Exception <a 'java/lang/NoSuchMethodError'{0x000000076a2a9950}: 'java.lang.Object java.lang.invoke.DirectMethodHandle$Holder.invokeInterface(java.lang.Object, java.lang.Object)'> (0x000000076a2a9950) 
thrown [s\open\src\hotspot\share\interpreter\linkResolver.cpp, line 759]

VM Operations (2 events):
Event: 0.074 Executing VM operation: HandshakeAllThreads
Event: 0.074 Executing VM operation: HandshakeAllThreads done

Events (20 events):
Event: 0.030 Thread 0x0000029ad01b0eb0 Thread added: 0x0000029ad01b0eb0
Event: 0.030 Thread 0x0000029ad01b28f0 Thread added: 0x0000029ad01b28f0
Event: 0.054 Thread 0x0000029ad444e340 Thread added: 0x0000029ad444e340
Event: 0.066 Loaded shared library C:\Program Files\Java\jdk-18.0.2\bin\net.dll
Event: 0.068 Loaded shared library C:\Program Files\Java\jdk-18.0.2\bin\nio.dll
Event: 0.086 Thread 0x0000029ad44bde10 Thread added: 0x0000029ad44bde10
Event: 0.091 Loaded shared library C:\Program Files\Java\jdk-18.0.2\bin\zip.dll
Event: 0.122 Loaded shared library C:\Program Files\Java\jdk-18.0.2\bin\jimage.dll
Event: 0.145 Loaded shared library C:\Program Files\Java\jdk-18.0.2\bin\awt.dll
Event: 0.198 Thread 0x0000029ad46259f0 Thread added: 0x0000029ad46259f0
Event: 0.198 Thread 0x0000029ad45c46a0 Thread added: 0x0000029ad45c46a0
Event: 0.199 Thread 0x0000029ad45c4b60 Thread added: 0x0000029ad45c4b60
Event: 0.270 Loaded shared library C:\Program Files\Java\jdk-18.0.2\bin\freetype.dll
Event: 0.271 Loaded shared library C:\Program Files\Java\jdk-18.0.2\bin\fontmanager.dll
Event: 0.322 Thread 0x0000029ad46f4880 Thread added: 0x0000029ad46f4880
Event: 0.323 Thread 0x0000029aaed67060 Thread exited: 0x0000029aaed67060
Event: 0.323 Thread 0x0000029aaed67060 Thread added: 0x0000029aaed67060
Event: 0.423 Loaded shared library C:\Program Files\Java\jdk-18.0.2\bin\management.dll
Event: 0.431 Loaded shared library C:\Program Files\Java\jdk-18.0.2\bin\management_ext.dll
Event: 0.537 Thread 0x0000029ad55cba30 Thread added: 0x0000029ad55cba30


Dynamic libraries:
0x00007ff724b40000 - 0x00007ff724b50000 	C:\Program Files\Java\jdk-18.0.2\bin\java.exe
0x00007ffecc9d0000 - 0x00007ffeccbc8000 	C:\WINDOWS\SYSTEM32\ntdll.dll
0x00007ffecad70000 - 0x00007ffecae2d000 	C:\WINDOWS\System32\KERNEL32.DLL
0x00007ffeca2b0000 - 0x00007ffeca5a6000 	C:\WINDOWS\System32\KERNELBASE.dll
0x00007ffeca1b0000 - 0x00007ffeca2b0000 	C:\WINDOWS\System32\ucrtbase.dll
0x00007ffec3f60000 - 0x00007ffec3f7a000 	C:\Program Files\Java\jdk-18.0.2\bin\VCRUNTIME140.dll
0x00007ffec1ee0000 - 0x00007ffec1ef8000 	C:\Program Files\Java\jdk-18.0.2\bin\jli.dll
0x00007ffecaea0000 - 0x00007ffecaf50000 	C:\WINDOWS\System32\ADVAPI32.dll
0x00007ffecacd0000 - 0x00007ffecad6e000 	C:\WINDOWS\System32\msvcrt.dll
0x00007ffecb1d0000 - 0x00007ffecb270000 	C:\WINDOWS\System32\sechost.dll
0x00007ffecbf90000 - 0x00007ffecc0b3000 	C:\WINDOWS\System32\RPCRT4.dll
0x00007ffeca820000 - 0x00007ffeca847000 	C:\WINDOWS\System32\bcrypt.dll
0x00007ffecb440000 - 0x00007ffecb5df000 	C:\WINDOWS\System32\USER32.dll
0x00007ffeca080000 - 0x00007ffeca0a2000 	C:\WINDOWS\System32\win32u.dll
0x00007ffeb9930000 - 0x00007ffeb9bca000 	C:\WINDOWS\WinSxS\amd64_microsoft.windows.common-controls_6595b64144ccf1df_6.0.19041.4355_none_60b8b9eb71f62e16\COMCTL32.dll
0x00007ffecab60000 - 0x00007ffecab8b000 	C:\WINDOWS\System32\GDI32.dll
0x00007ffeca660000 - 0x00007ffeca777000 	C:\WINDOWS\System32\gdi32full.dll
0x00007ffeca780000 - 0x00007ffeca81d000 	C:\WINDOWS\System32\msvcp_win.dll
0x00007ffebfa40000 - 0x00007ffebfa4a000 	C:\WINDOWS\SYSTEM32\VERSION.dll
0x00007ffecaa00000 - 0x00007ffecaa32000 	C:\WINDOWS\System32\IMM32.DLL
0x00007ffec59a0000 - 0x00007ffec59ac000 	C:\Program Files\Java\jdk-18.0.2\bin\vcruntime140_1.dll
0x00007ffe9d110000 - 0x00007ffe9d19d000 	C:\Program Files\Java\jdk-18.0.2\bin\msvcp140.dll
0x00007ffe69aa0000 - 0x00007ffe6a6b1000 	C:\Program Files\Java\jdk-18.0.2\bin\server\jvm.dll
0x00007ffecbdb0000 - 0x00007ffecbdb8000 	C:\WINDOWS\System32\PSAPI.DLL
0x00007ffebfa10000 - 0x00007ffebfa37000 	C:\WINDOWS\SYSTEM32\WINMM.dll
0x00007ffec56e0000 - 0x00007ffec56e9000 	C:\WINDOWS\SYSTEM32\WSOCK32.dll
0x00007ffecc530000 - 0x00007ffecc59b000 	C:\WINDOWS\System32\WS2_32.dll
0x00007ffec8890000 - 0x00007ffec88a2000 	C:\WINDOWS\SYSTEM32\kernel.appcore.dll
0x00007ffec57f0000 - 0x00007ffec57fa000 	C:\Program Files\Java\jdk-18.0.2\bin\jimage.dll
0x00007ffec7ed0000 - 0x00007ffec80b4000 	C:\WINDOWS\SYSTEM32\DBGHELP.DLL
0x00007ffeb4540000 - 0x00007ffeb4574000 	C:\WINDOWS\SYSTEM32\dbgcore.DLL
0x00007ffeca120000 - 0x00007ffeca1a2000 	C:\WINDOWS\System32\bcryptPrimitives.dll
0x00007ffec2e80000 - 0x00007ffec2ea5000 	C:\Program Files\Java\jdk-18.0.2\bin\java.dll
0x00007ffe94ed0000 - 0x00007ffe94fa6000 	C:\Program Files\Java\jdk-18.0.2\bin\jsvml.dll
0x00007ffecb5e0000 - 0x00007ffecbd4b000 	C:\WINDOWS\System32\SHELL32.dll
0x00007ffec80e0000 - 0x00007ffec887d000 	C:\WINDOWS\SYSTEM32\windows.storage.dll
0x00007ffecc630000 - 0x00007ffecc983000 	C:\WINDOWS\System32\combase.dll
0x00007ffec99d0000 - 0x00007ffec99fe000 	C:\WINDOWS\SYSTEM32\Wldp.dll
0x00007ffecb100000 - 0x00007ffecb1cd000 	C:\WINDOWS\System32\OLEAUT32.dll
0x00007ffecb390000 - 0x00007ffecb43d000 	C:\WINDOWS\System32\SHCORE.dll
0x00007ffecac70000 - 0x00007ffecacc5000 	C:\WINDOWS\System32\shlwapi.dll
0x00007ffec9fb0000 - 0x00007ffec9fd4000 	C:\WINDOWS\SYSTEM32\profapi.dll
0x00007ffec34e0000 - 0x00007ffec34f3000 	C:\Program Files\Java\jdk-18.0.2\bin\net.dll
0x00007ffec3080000 - 0x00007ffec318a000 	C:\WINDOWS\SYSTEM32\WINHTTP.dll
0x00007ffec9730000 - 0x00007ffec979a000 	C:\WINDOWS\system32\mswsock.dll
0x00007ffec24f0000 - 0x00007ffec2506000 	C:\Program Files\Java\jdk-18.0.2\bin\nio.dll
0x00007ffec1a30000 - 0x00007ffec1a48000 	C:\Program Files\Java\jdk-18.0.2\bin\zip.dll
0x00007ffe7cc30000 - 0x00007ffe7cdbf000 	C:\Program Files\Java\jdk-18.0.2\bin\awt.dll
0x00007ffec7510000 - 0x00007ffec75a0000 	C:\WINDOWS\SYSTEM32\apphelp.dll
0x00007ffec76b0000 - 0x00007ffec774e000 	C:\WINDOWS\system32\uxtheme.dll
0x00007ffecaa40000 - 0x00007ffecab54000 	C:\WINDOWS\System32\MSCTF.dll
0x00007ffecaf50000 - 0x00007ffecb07b000 	C:\WINDOWS\System32\ole32.dll
0x00007ffec78d0000 - 0x00007ffec78ff000 	C:\WINDOWS\system32\DWMAPI.DLL
0x00007ffe9ce70000 - 0x00007ffe9cef6000 	C:\Program Files\Java\jdk-18.0.2\bin\freetype.dll
0x00007ffe94b00000 - 0x00007ffe94ba8000 	C:\Program Files\Java\jdk-18.0.2\bin\fontmanager.dll
0x00007ffe91d40000 - 0x00007ffe91e65000 	C:\WINDOWS\system32\opengl32.dll
0x00007ffebbb70000 - 0x00007ffebbb9c000 	C:\WINDOWS\SYSTEM32\GLU32.dll
0x00007ffe7c4f0000 - 0x00007ffe7c6be000 	C:\WINDOWS\system32\d3d9.dll
0x00007ffebfa50000 - 0x00007ffebfc2b000 	C:\WINDOWS\System32\DriverStore\FileRepository\u0361456.inf_amd64_23e88333e0901bd6\B358570\aticfx64.dll
0x00007ffebc5e0000 - 0x00007ffebc613000 	C:\WINDOWS\System32\DriverStore\FileRepository\u0361456.inf_amd64_23e88333e0901bd6\B358570\atiu9p64.dll
0x00007ffe934d0000 - 0x00007ffe94166000 	C:\WINDOWS\System32\DriverStore\FileRepository\u0361456.inf_amd64_23e88333e0901bd6\B358570\atiumd64.dll
0x00000000731b0000 - 0x0000000074029000 	C:\WINDOWS\System32\DriverStore\FileRepository\u0361456.inf_amd64_23e88333e0901bd6\B358570\atiumd6a.dll
0x00007ffec9ed0000 - 0x00007ffec9f1b000 	C:\WINDOWS\SYSTEM32\POWRPROF.dll
0x00007ffec9eb0000 - 0x00007ffec9ec2000 	C:\WINDOWS\SYSTEM32\UMPDC.dll
0x00007ffebdf50000 - 0x00007ffebdf7f000 	C:\WINDOWS\SYSTEM32\amdihk64.dll
0x00007ffec04e0000 - 0x00007ffec051b000 	C:\WINDOWS\SYSTEM32\dxcore.dll
0x00007ffeca9b0000 - 0x00007ffeca9fe000 	C:\WINDOWS\System32\cfgmgr32.dll
0x00007ffec56b0000 - 0x00007ffec56b9000 	C:\Program Files\Java\jdk-18.0.2\bin\management.dll
0x00007ffec2e30000 - 0x00007ffec2e3b000 	C:\Program Files\Java\jdk-18.0.2\bin\management_ext.dll

dbghelp: loaded successfully - version: 4.0.5 - missing functions: none
symbol engine: initialized successfully - sym options: 0x614 - pdb path: .;C:\Program Files\Java\jdk-18.0.2\bin;C:\WINDOWS\SYSTEM32;C:\WINDOWS\WinSxS\amd64_microsoft.windows.common-controls_6595b64144ccf1df_6.0.19041.4355_none_60b8b9eb71f62e16;C:\Program Files\Java\jdk-18.0.2\bin\server;C:\WINDOWS\System32\DriverStore\FileRepository\u0361456.inf_amd64_23e88333e0901bd6\B358570

VM Arguments:
jvm_args: -Dfile.encoding=UTF-8 --module-path=C:\Users\Afase\Desktop\proyectoBD1\PRY2_BD1\build\classes 
java_command: UI.Interface
java_class_path (initial): C:\Program Files\NetBeans-17\netbeans\java\modules\ext\AbsoluteLayout.jar;C:\Users\Afase\Desktop\proyectoBD1\PRY2_BD1\lib\jcalendar-1.4.jar;C:\Users\Afase\Desktop\proyectoBD1\PRY2_BD1\ojdbc11.jar;C:\Users\Afase\Desktop\proyectoBD1\PRY2_BD1\lib\mysql-connector-j-8.4.0.jar;C:\Users\Afase\Desktop\proyectoBD1\PRY2_BD1\build\classes
Launcher Type: SUN_STANDARD

[Global flags]
     intx CICompilerCount                          = 4                                         {product} {ergonomic}
     uint ConcGCThreads                            = 2                                         {product} {ergonomic}
     uint G1ConcRefinementThreads                  = 8                                         {product} {ergonomic}
   size_t G1HeapRegionSize                         = 2097152                                   {product} {ergonomic}
    uintx GCDrainStackTargetSize                   = 64                                        {product} {ergonomic}
   size_t InitialHeapSize                          = 167772160                                 {product} {ergonomic}
   size_t MarkStackSize                            = 4194304                                   {product} {ergonomic}
   size_t MaxHeapSize                              = 2669674496                                {product} {ergonomic}
   size_t MaxNewSize                               = 1600126976                                {product} {ergonomic}
   size_t MinHeapDeltaBytes                        = 2097152                                   {product} {ergonomic}
   size_t MinHeapSize                              = 8388608                                   {product} {ergonomic}
    uintx NonNMethodCodeHeapSize                   = 5839372                                {pd product} {ergonomic}
    uintx NonProfiledCodeHeapSize                  = 122909434                              {pd product} {ergonomic}
    uintx ProfiledCodeHeapSize                     = 122909434                              {pd product} {ergonomic}
    uintx ReservedCodeCacheSize                    = 251658240                              {pd product} {ergonomic}
     bool SegmentedCodeCache                       = true                                      {product} {ergonomic}
   size_t SoftMaxHeapSize                          = 2669674496                             {manageable} {ergonomic}
     bool UseCompressedClassPointers               = true                           {product lp64_product} {ergonomic}
     bool UseCompressedOops                        = true                           {product lp64_product} {ergonomic}
     bool UseG1GC                                  = true                                      {product} {ergonomic}
     bool UseLargePagesIndividualAllocation        = false                                  {pd product} {ergonomic}

Logging:
Log output configuration:
 #0: stdout all=warning uptime,level,tags foldmultilines=false
 #1: stderr all=off uptime,level,tags foldmultilines=false

Environment Variables:
PATH=C:\Program Files\Common Files\Oracle\Java\javapath;C:\Program Files (x86)\Common Files\Oracle\Java\javapath;C:\Windows\system32;C:\Windows;C:\Windows\System32\Wbem;C:\Windows\System32\WindowsPowerShell\v1.0\;C:\Windows\System32\OpenSSH\;C:\Program Files\dotnet\;C:\Program Files\Microsoft SQL Server\150\Tools\Binn\;C:\Program Files\Microsoft SQL Server\Client SDK\ODBC\170\Tools\Binn\;C:\Program Files\nodejs\;C:\WINDOWS\system32;C:\WINDOWS;C:\WINDOWS\System32\Wbem;C:\WINDOWS\System32\WindowsPowerShell\v1.0\;C:\WINDOWS\System32\OpenSSH\;C:\Program Files\Git\cmd;C:\Users\Afase\AppData\Local\Programs\Python\Python310\Scripts\;C:\Users\Afase\AppData\Local\Programs\Python\Python310\;C:\Users\Afase\AppData\Local\Microsoft\WindowsApps;C:\Users\Afase\AppData\Local\Programs\Microsoft VS Code\bin;C:\Users\Afase\AppData\Roaming\npm;C:\Users\Afase\.dotnet\tools;C:\Users\Afase\AppData\Local\GitHubDesktop\bin
USERNAME=Afase
OS=Windows_NT
PROCESSOR_IDENTIFIER=AMD64 Family 23 Model 24 Stepping 1, AuthenticAMD



---------------  S Y S T E M  ---------------

OS:
 Windows 10 , 64 bit Build 19041 (10.0.19041.3636)
OS uptime: 8 days 21:33 hours

CPU: total 8 (initial active 8) (8 cores per cpu, 2 threads per core) family 23 model 24 stepping 1 microcode 0x0, cx8, cmov, fxsr, ht, mmx, 3dnowpref, sse, sse2, sse3, ssse3, sse4a, sse4.1, sse4.2, popcnt, lzcnt, tsc, tscinvbit, avx, avx2, aes, clmul, bmi1, bmi2, adx, sha, fma, vzeroupper, clflush, clflushopt

Memory: 4k page, system-wide physical 10178M (1766M free)
TotalPageFile size 10178M (AvailPageFile size 5M)
current process WorkingSet (physical memory assigned to process): 76M, peak: 76M
current process commit charge ("private bytes"): 276M, peak: 276M

vm_info: Java HotSpot(TM) 64-Bit Server VM (18.0.2+9-61) for windows-amd64 JRE (18.0.2+9-61), built on Jun  7 2022 13:09:01 by "mach5one" with MS VC++ 16.8 / 16.9 (VS2019)

END.
