#
# There is insufficient memory for the Java Runtime Environment to continue.
# Native memory allocation (mmap) failed to map 167772160 bytes for G1 virtual space
# Possible reasons:
#   The system is out of physical RAM or swap space
#   The process is running with CompressedOops enabled, and the Java Heap may be blocking the growth of the native heap
# Possible solutions:
#   Reduce memory load on the system
#   Increase physical memory or swap space
#   Check if swap backing store is full
#   Decrease Java heap size (-Xmx/-Xms)
#   Decrease number of Java threads
#   Decrease Java thread stack sizes (-Xss)
#   Set larger code cache with -XX:ReservedCodeCacheSize=
#   JVM is running with Zero Based Compressed Oops mode in which the Java heap is
#     placed in the first 32GB address space. The Java Heap base address is the
#     maximum limit for the native heap growth. Please use -XX:HeapBaseMinAddress
#     to set the Java Heap base and to place the Java Heap above 32GB virtual address.
# This output file may be truncated or incomplete.
#
#  Out of Memory Error (os_windows.cpp:3530), pid=5848, tid=4376
#
# JRE version:  (18.0.2+9) (build )
# Java VM: Java HotSpot(TM) 64-Bit Server VM (18.0.2+9-61, mixed mode, sharing, tiered, compressed oops, compressed class ptrs, g1 gc, windows-amd64)
# No core dump will be written. Minidumps are not enabled by default on client versions of Windows
#

---------------  S U M M A R Y ------------

Command Line: -Dfile.encoding=UTF-8 --module-path=C:\Users\Afase\Desktop\proyectoBD1\PRY2_BD1\build\classes UI.Interface

Host: AMD Ryzen 7 3700U with Radeon Vega Mobile Gfx  , 8 cores, 9G,  Windows 10 , 64 bit Build 19041 (10.0.19041.3636)
Time: Sun May 26 14:20:05 2024 Hora estándar, América Central elapsed time: 0.016349 seconds (0d 0h 0m 0s)

---------------  T H R E A D  ---------------

Current thread (0x000002085f895970):  JavaThread "Unknown thread" [_thread_in_vm, id=4376, stack(0x00000087c9300000,0x00000087c9400000)]

Stack: [0x00000087c9300000,0x00000087c9400000]
Native frames: (J=compiled Java code, j=interpreted, Vv=VM code, C=native code)
V  [jvm.dll+0x6993ca]
V  [jvm.dll+0x7f481d]
V  [jvm.dll+0x7f612e]
V  [jvm.dll+0x7f67e3]
V  [jvm.dll+0x25cdaf]
V  [jvm.dll+0x696319]
V  [jvm.dll+0x68ae4a]
V  [jvm.dll+0x3223eb]
V  [jvm.dll+0x329dc6]
V  [jvm.dll+0x37eade]
V  [jvm.dll+0x37ed0f]
V  [jvm.dll+0x2fa16a]
V  [jvm.dll+0x2fb1cd]
V  [jvm.dll+0x7c3450]
V  [jvm.dll+0x38be61]
V  [jvm.dll+0x7a2073]
V  [jvm.dll+0x40dc3f]
V  [jvm.dll+0x40f611]
C  [jli.dll+0x526b]
C  [ucrtbase.dll+0x21bb2]
C  [KERNEL32.DLL+0x17344]
C  [ntdll.dll+0x526b1]


---------------  P R O C E S S  ---------------

Threads class SMR info:
_java_thread_list=0x00007ffe6a57e550, length=0, elements={
}

Java Threads: ( => current thread )

Other Threads:
  0x000002085f8eabc0 WorkerThread "GC Thread#0" [stack: 0x00000087c9400000,0x00000087c9500000] [id=3088]
  0x000002085f8f5a00 ConcurrentGCThread "G1 Main Marker" [stack: 0x00000087c9500000,0x00000087c9600000] [id=18336]
  0x000002085f8f7400 WorkerThread "G1 Conc#0" [stack: 0x00000087c9600000,0x00000087c9700000] [id=21468]

[error occurred during error reporting (printing all threads), id 0xc0000005, EXCEPTION_ACCESS_VIOLATION (0xc0000005) at pc=0x00007ffe69daa707]

VM state: not at safepoint (not fully initialized)

VM Mutex/Monitor currently owned by a thread:  ([mutex/lock_event])
[0x000002085f8921d0] Heap_lock - owner thread: 0x000002085f895970

Heap address: 0x0000000760e00000, size: 2546 MB, Compressed Oops mode: Zero based, Oop shift amount: 3

CDS archive(s) mapped at: [0x0000000000000000-0x0000000000000000-0x0000000000000000), size 0, SharedBaseAddress: 0x0000000800000000, ArchiveRelocationMode: 0.
Narrow klass base: 0x0000000000000000, Narrow klass shift: 0, Narrow klass range: 0x0

GC Precious Log:
 CardTable entry size: 512
 Card Set container configuration: InlinePtr #cards 4 size 8 Array Of Cards #cards 16 size 48 Howl #buckets 8 coarsen threshold 3686 Howl Bitmap #cards 512 size 80 coarsen threshold 460 Card regions per heap region 1 cards per card region 4096

Heap:
 garbage-first heap   total 0K, used 0K [0x0000000760e00000, 0x0000000800000000)
  region size 2048K, 0 young (0K), 0 survivors (0K)

[error occurred during error reporting (printing heap information), id 0xc0000005, EXCEPTION_ACCESS_VIOLATION (0xc0000005) at pc=0x00007ffe6a191859]

GC Heap History (0 events):
No events

Deoptimization events (0 events):
No events

Classes loaded (0 events):
No events

Classes unloaded (0 events):
No events

Classes redefined (0 events):
No events

Internal exceptions (0 events):
No events

VM Operations (0 events):
No events

Events (1 events):
Event: 0.010 Loaded shared library C:\Program Files\Java\jdk-18.0.2\bin\java.dll


Dynamic libraries:
0x00007ff724b40000 - 0x00007ff724b50000 	C:\Program Files\Java\jdk-18.0.2\bin\java.exe
0x00007ffecc9d0000 - 0x00007ffeccbc8000 	C:\WINDOWS\SYSTEM32\ntdll.dll
0x00007ffecad70000 - 0x00007ffecae2d000 	C:\WINDOWS\System32\KERNEL32.DLL
0x00007ffeca2b0000 - 0x00007ffeca5a6000 	C:\WINDOWS\System32\KERNELBASE.dll
0x00007ffeca1b0000 - 0x00007ffeca2b0000 	C:\WINDOWS\System32\ucrtbase.dll
0x00007ffec3f60000 - 0x00007ffec3f7a000 	C:\Program Files\Java\jdk-18.0.2\bin\VCRUNTIME140.dll
0x00007ffec5680000 - 0x00007ffec5698000 	C:\Program Files\Java\jdk-18.0.2\bin\jli.dll
0x00007ffecaea0000 - 0x00007ffecaf50000 	C:\WINDOWS\System32\ADVAPI32.dll
0x00007ffecacd0000 - 0x00007ffecad6e000 	C:\WINDOWS\System32\msvcrt.dll
0x00007ffecb1d0000 - 0x00007ffecb270000 	C:\WINDOWS\System32\sechost.dll
0x00007ffecbf90000 - 0x00007ffecc0b3000 	C:\WINDOWS\System32\RPCRT4.dll
0x00007ffeca820000 - 0x00007ffeca847000 	C:\WINDOWS\System32\bcrypt.dll
0x00007ffecb440000 - 0x00007ffecb5df000 	C:\WINDOWS\System32\USER32.dll
0x00007ffeb9930000 - 0x00007ffeb9bca000 	C:\WINDOWS\WinSxS\amd64_microsoft.windows.common-controls_6595b64144ccf1df_6.0.19041.4355_none_60b8b9eb71f62e16\COMCTL32.dll
0x00007ffeca080000 - 0x00007ffeca0a2000 	C:\WINDOWS\System32\win32u.dll
0x00007ffecab60000 - 0x00007ffecab8b000 	C:\WINDOWS\System32\GDI32.dll
0x00007ffeca660000 - 0x00007ffeca777000 	C:\WINDOWS\System32\gdi32full.dll
0x00007ffeca780000 - 0x00007ffeca81d000 	C:\WINDOWS\System32\msvcp_win.dll
0x00007ffebfa40000 - 0x00007ffebfa4a000 	C:\WINDOWS\SYSTEM32\VERSION.dll
0x00007ffecaa00000 - 0x00007ffecaa32000 	C:\WINDOWS\System32\IMM32.DLL
0x00007ffec59a0000 - 0x00007ffec59ac000 	C:\Program Files\Java\jdk-18.0.2\bin\vcruntime140_1.dll
0x00007ffe9d110000 - 0x00007ffe9d19d000 	C:\Program Files\Java\jdk-18.0.2\bin\msvcp140.dll
0x00007ffe69aa0000 - 0x00007ffe6a6b1000 	C:\Program Files\Java\jdk-18.0.2\bin\server\jvm.dll
0x00007ffecbdb0000 - 0x00007ffecbdb8000 	C:\WINDOWS\System32\PSAPI.DLL
0x00007ffebfa10000 - 0x00007ffebfa37000 	C:\WINDOWS\SYSTEM32\WINMM.dll
0x00007ffec56e0000 - 0x00007ffec56e9000 	C:\WINDOWS\SYSTEM32\WSOCK32.dll
0x00007ffecc530000 - 0x00007ffecc59b000 	C:\WINDOWS\System32\WS2_32.dll
0x00007ffec8890000 - 0x00007ffec88a2000 	C:\WINDOWS\SYSTEM32\kernel.appcore.dll
0x00007ffec57f0000 - 0x00007ffec57fa000 	C:\Program Files\Java\jdk-18.0.2\bin\jimage.dll
0x00007ffec7ed0000 - 0x00007ffec80b4000 	C:\WINDOWS\SYSTEM32\DBGHELP.DLL
0x00007ffeb4540000 - 0x00007ffeb4574000 	C:\WINDOWS\SYSTEM32\dbgcore.DLL
0x00007ffeca120000 - 0x00007ffeca1a2000 	C:\WINDOWS\System32\bcryptPrimitives.dll
0x00007ffec2e80000 - 0x00007ffec2ea5000 	C:\Program Files\Java\jdk-18.0.2\bin\java.dll

dbghelp: loaded successfully - version: 4.0.5 - missing functions: none
symbol engine: initialized successfully - sym options: 0x614 - pdb path: .;C:\Program Files\Java\jdk-18.0.2\bin;C:\WINDOWS\SYSTEM32;C:\WINDOWS\WinSxS\amd64_microsoft.windows.common-controls_6595b64144ccf1df_6.0.19041.4355_none_60b8b9eb71f62e16;C:\Program Files\Java\jdk-18.0.2\bin\server

VM Arguments:
jvm_args: -Dfile.encoding=UTF-8 --module-path=C:\Users\Afase\Desktop\proyectoBD1\PRY2_BD1\build\classes 
java_command: UI.Interface
java_class_path (initial): C:\Program Files\NetBeans-17\netbeans\java\modules\ext\AbsoluteLayout.jar;C:\Users\Afase\Desktop\proyectoBD1\PRY2_BD1\lib\jcalendar-1.4.jar;C:\Users\Afase\Desktop\proyectoBD1\PRY2_BD1\ojdbc11.jar;C:\Users\Afase\Desktop\proyectoBD1\PRY2_BD1\lib\mysql-connector-j-8.4.0.jar;C:\Users\Afase\Desktop\proyectoBD1\PRY2_BD1\build\classes
Launcher Type: SUN_STANDARD

[Global flags]
     intx CICompilerCount                          = 4                                         {product} {ergonomic}
     uint ConcGCThreads                            = 2                                         {product} {ergonomic}
     uint G1ConcRefinementThreads                  = 8                                         {product} {ergonomic}
   size_t G1HeapRegionSize                         = 2097152                                   {product} {ergonomic}
    uintx GCDrainStackTargetSize                   = 64                                        {product} {ergonomic}
   size_t InitialHeapSize                          = 167772160                                 {product} {ergonomic}
   size_t MarkStackSize                            = 4194304                                   {product} {ergonomic}
   size_t MaxHeapSize                              = 2669674496                                {product} {ergonomic}
   size_t MinHeapDeltaBytes                        = 2097152                                   {product} {ergonomic}
   size_t MinHeapSize                              = 8388608                                   {product} {ergonomic}
    uintx NonNMethodCodeHeapSize                   = 5839372                                {pd product} {ergonomic}
    uintx NonProfiledCodeHeapSize                  = 122909434                              {pd product} {ergonomic}
    uintx ProfiledCodeHeapSize                     = 122909434                              {pd product} {ergonomic}
    uintx ReservedCodeCacheSize                    = 251658240                              {pd product} {ergonomic}
     bool SegmentedCodeCache                       = true                                      {product} {ergonomic}
   size_t SoftMaxHeapSize                          = 2669674496                             {manageable} {ergonomic}
     bool UseCompressedClassPointers               = true                           {product lp64_product} {ergonomic}
     bool UseCompressedOops                        = true                           {product lp64_product} {ergonomic}
     bool UseG1GC                                  = true                                      {product} {ergonomic}
     bool UseLargePagesIndividualAllocation        = false                                  {pd product} {ergonomic}

Logging:
Log output configuration:
 #0: stdout all=warning uptime,level,tags foldmultilines=false
 #1: stderr all=off uptime,level,tags foldmultilines=false

Environment Variables:
PATH=C:\Program Files\Common Files\Oracle\Java\javapath;C:\Program Files (x86)\Common Files\Oracle\Java\javapath;C:\Windows\system32;C:\Windows;C:\Windows\System32\Wbem;C:\Windows\System32\WindowsPowerShell\v1.0\;C:\Windows\System32\OpenSSH\;C:\Program Files\dotnet\;C:\Program Files\Microsoft SQL Server\150\Tools\Binn\;C:\Program Files\Microsoft SQL Server\Client SDK\ODBC\170\Tools\Binn\;C:\Program Files\nodejs\;C:\WINDOWS\system32;C:\WINDOWS;C:\WINDOWS\System32\Wbem;C:\WINDOWS\System32\WindowsPowerShell\v1.0\;C:\WINDOWS\System32\OpenSSH\;C:\Program Files\Git\cmd;C:\Users\Afase\AppData\Local\Programs\Python\Python310\Scripts\;C:\Users\Afase\AppData\Local\Programs\Python\Python310\;C:\Users\Afase\AppData\Local\Microsoft\WindowsApps;C:\Users\Afase\AppData\Local\Programs\Microsoft VS Code\bin;C:\Users\Afase\AppData\Roaming\npm;C:\Users\Afase\.dotnet\tools;C:\Users\Afase\AppData\Local\GitHubDesktop\bin
USERNAME=Afase
OS=Windows_NT
PROCESSOR_IDENTIFIER=AMD64 Family 23 Model 24 Stepping 1, AuthenticAMD



---------------  S Y S T E M  ---------------

OS:
 Windows 10 , 64 bit Build 19041 (10.0.19041.3636)
OS uptime: 8 days 21:38 hours

CPU: total 8 (initial active 8) (8 cores per cpu, 2 threads per core) family 23 model 24 stepping 1 microcode 0x0, cx8, cmov, fxsr, ht, mmx, 3dnowpref, sse, sse2, sse3, ssse3, sse4a, sse4.1, sse4.2, popcnt, lzcnt, tsc, tscinvbit, avx, avx2, aes, clmul, bmi1, bmi2, adx, sha, fma, vzeroupper, clflush, clflushopt

Memory: 4k page, system-wide physical 10178M (1624M free)
TotalPageFile size 10178M (AvailPageFile size 68M)
current process WorkingSet (physical memory assigned to process): 10M, peak: 10M
current process commit charge ("private bytes"): 60M, peak: 220M

vm_info: Java HotSpot(TM) 64-Bit Server VM (18.0.2+9-61) for windows-amd64 JRE (18.0.2+9-61), built on Jun  7 2022 13:09:01 by "mach5one" with MS VC++ 16.8 / 16.9 (VS2019)

END.
